  linkedlist.c
C:\Users\Lachlan Reynolds\Desktop\CPSC 259\Labs\Lab3\CPSC259_Lab3_Framework\CPSC259_Lab3_Framework\linkedlist.h(33,2): error C2061: syntax error: identifier 'node'
C:\Users\Lachlan Reynolds\Desktop\CPSC 259\Labs\Lab3\CPSC259_Lab3_Framework\CPSC259_Lab3_Framework\linkedlist.h(34,1): error C2059: syntax error: '}'
C:\Users\Lachlan Reynolds\Desktop\CPSC 259\Labs\Lab3\CPSC259_Lab3_Framework\CPSC259_Lab3_Framework\linkedlist.h(37,5): error C2143: syntax error: missing '{' before '*'
C:\Users\Lachlan Reynolds\Desktop\CPSC 259\Labs\Lab3\CPSC259_Lab3_Framework\CPSC259_Lab3_Framework\linkedlist.h(38,5): error C2143: syntax error: missing '{' before '*'
C:\Users\Lachlan Reynolds\Desktop\CPSC 259\Labs\Lab3\CPSC259_Lab3_Framework\CPSC259_Lab3_Framework\linkedlist.h(39,5): error C2143: syntax error: missing '{' before '*'
C:\Users\Lachlan Reynolds\Desktop\CPSC 259\Labs\Lab3\CPSC259_Lab3_Framework\CPSC259_Lab3_Framework\linkedlist.h(39,24): error C2143: syntax error: missing ')' before '*'
C:\Users\Lachlan Reynolds\Desktop\CPSC 259\Labs\Lab3\CPSC259_Lab3_Framework\CPSC259_Lab3_Framework\linkedlist.h(39,24): error C2143: syntax error: missing '{' before '*'
C:\Users\Lachlan Reynolds\Desktop\CPSC 259\Labs\Lab3\CPSC259_Lab3_Framework\CPSC259_Lab3_Framework\linkedlist.h(39,36): error C2143: syntax error: missing ';' before '*'
C:\Users\Lachlan Reynolds\Desktop\CPSC 259\Labs\Lab3\CPSC259_Lab3_Framework\CPSC259_Lab3_Framework\linkedlist.h(39,46): error C2059: syntax error: ')'
C:\Users\Lachlan Reynolds\Desktop\CPSC 259\Labs\Lab3\CPSC259_Lab3_Framework\CPSC259_Lab3_Framework\linkedlist.h(40,5): error C2143: syntax error: missing '{' before '*'
C:\Users\Lachlan Reynolds\Desktop\CPSC 259\Labs\Lab3\CPSC259_Lab3_Framework\CPSC259_Lab3_Framework\linkedlist.h(40,23): error C2143: syntax error: missing ')' before '*'
C:\Users\Lachlan Reynolds\Desktop\CPSC 259\Labs\Lab3\CPSC259_Lab3_Framework\CPSC259_Lab3_Framework\linkedlist.h(40,23): error C2143: syntax error: missing '{' before '*'
C:\Users\Lachlan Reynolds\Desktop\CPSC 259\Labs\Lab3\CPSC259_Lab3_Framework\CPSC259_Lab3_Framework\linkedlist.h(40,29): error C2059: syntax error: ')'
C:\Users\Lachlan Reynolds\Desktop\CPSC 259\Labs\Lab3\CPSC259_Lab3_Framework\CPSC259_Lab3_Framework\linkedlist.h(43,20): error C2143: syntax error: missing ')' before '*'
C:\Users\Lachlan Reynolds\Desktop\CPSC 259\Labs\Lab3\CPSC259_Lab3_Framework\CPSC259_Lab3_Framework\linkedlist.h(43,20): error C2143: syntax error: missing '{' before '*'
C:\Users\Lachlan Reynolds\Desktop\CPSC 259\Labs\Lab3\CPSC259_Lab3_Framework\CPSC259_Lab3_Framework\linkedlist.h(43,26): error C2059: syntax error: ')'
C:\Users\Lachlan Reynolds\Desktop\CPSC 259\Labs\Lab3\CPSC259_Lab3_Framework\CPSC259_Lab3_Framework\linkedlist.h(44,5): error C2143: syntax error: missing '{' before '*'
C:\Users\Lachlan Reynolds\Desktop\CPSC 259\Labs\Lab3\CPSC259_Lab3_Framework\CPSC259_Lab3_Framework\linkedlist.h(44,23): error C2143: syntax error: missing ')' before '*'
C:\Users\Lachlan Reynolds\Desktop\CPSC 259\Labs\Lab3\CPSC259_Lab3_Framework\CPSC259_Lab3_Framework\linkedlist.h(44,23): error C2143: syntax error: missing '{' before '*'
C:\Users\Lachlan Reynolds\Desktop\CPSC 259\Labs\Lab3\CPSC259_Lab3_Framework\CPSC259_Lab3_Framework\linkedlist.h(44,29): error C2059: syntax error: ')'
C:\Users\Lachlan Reynolds\Desktop\CPSC 259\Labs\Lab3\CPSC259_Lab3_Framework\CPSC259_Lab3_Framework\linkedlist.h(45,21): error C2143: syntax error: missing ')' before '*'
C:\Users\Lachlan Reynolds\Desktop\CPSC 259\Labs\Lab3\CPSC259_Lab3_Framework\CPSC259_Lab3_Framework\linkedlist.h(45,21): error C2143: syntax error: missing '{' before '*'
C:\Users\Lachlan Reynolds\Desktop\CPSC 259\Labs\Lab3\CPSC259_Lab3_Framework\CPSC259_Lab3_Framework\linkedlist.h(45,36): error C2059: syntax error: ')'
C:\Users\Lachlan Reynolds\Desktop\CPSC 259\Labs\Lab3\CPSC259_Lab3_Framework\CPSC259_Lab3_Framework\linkedlist.h(46,21): error C2143: syntax error: missing ')' before '*'
C:\Users\Lachlan Reynolds\Desktop\CPSC 259\Labs\Lab3\CPSC259_Lab3_Framework\CPSC259_Lab3_Framework\linkedlist.h(46,21): error C2143: syntax error: missing '{' before '*'
C:\Users\Lachlan Reynolds\Desktop\CPSC 259\Labs\Lab3\CPSC259_Lab3_Framework\CPSC259_Lab3_Framework\linkedlist.h(46,36): error C2059: syntax error: ')'
C:\Users\Lachlan Reynolds\Desktop\CPSC 259\Labs\Lab3\CPSC259_Lab3_Framework\CPSC259_Lab3_Framework\linkedlist.h(47,5): error C2143: syntax error: missing '{' before '*'
C:\Users\Lachlan Reynolds\Desktop\CPSC 259\Labs\Lab3\CPSC259_Lab3_Framework\CPSC259_Lab3_Framework\linkedlist.h(47,19): error C2143: syntax error: missing ')' before '*'
C:\Users\Lachlan Reynolds\Desktop\CPSC 259\Labs\Lab3\CPSC259_Lab3_Framework\CPSC259_Lab3_Framework\linkedlist.h(47,19): error C2143: syntax error: missing '{' before '*'
C:\Users\Lachlan Reynolds\Desktop\CPSC 259\Labs\Lab3\CPSC259_Lab3_Framework\CPSC259_Lab3_Framework\linkedlist.h(47,25): error C2059: syntax error: ')'
C:\Users\Lachlan Reynolds\Desktop\CPSC 259\Labs\Lab3\CPSC259_Lab3_Framework\CPSC259_Lab3_Framework\linkedlist.h(48,5): error C2143: syntax error: missing '{' before '*'
C:\Users\Lachlan Reynolds\Desktop\CPSC 259\Labs\Lab3\CPSC259_Lab3_Framework\CPSC259_Lab3_Framework\linkedlist.h(48,28): error C2143: syntax error: missing ')' before '*'
C:\Users\Lachlan Reynolds\Desktop\CPSC 259\Labs\Lab3\CPSC259_Lab3_Framework\CPSC259_Lab3_Framework\linkedlist.h(48,28): error C2143: syntax error: missing '{' before '*'
C:\Users\Lachlan Reynolds\Desktop\CPSC 259\Labs\Lab3\CPSC259_Lab3_Framework\CPSC259_Lab3_Framework\linkedlist.h(48,40): error C2059: syntax error: 'type'
C:\Users\Lachlan Reynolds\Desktop\CPSC 259\Labs\Lab3\CPSC259_Lab3_Framework\CPSC259_Lab3_Framework\linkedlist.h(48,58): error C2059: syntax error: ')'
C:\Users\Lachlan Reynolds\Desktop\CPSC 259\Labs\Lab3\CPSC259_Lab3_Framework\CPSC259_Lab3_Framework\linkedlist.h(49,5): error C2143: syntax error: missing '{' before '*'
C:\Users\Lachlan Reynolds\Desktop\CPSC 259\Labs\Lab3\CPSC259_Lab3_Framework\CPSC259_Lab3_Framework\linkedlist.h(49,24): error C2143: syntax error: missing ')' before '*'
C:\Users\Lachlan Reynolds\Desktop\CPSC 259\Labs\Lab3\CPSC259_Lab3_Framework\CPSC259_Lab3_Framework\linkedlist.h(49,24): error C2143: syntax error: missing '{' before '*'
C:\Users\Lachlan Reynolds\Desktop\CPSC 259\Labs\Lab3\CPSC259_Lab3_Framework\CPSC259_Lab3_Framework\linkedlist.h(49,36): error C2059: syntax error: 'type'
C:\Users\Lachlan Reynolds\Desktop\CPSC 259\Labs\Lab3\CPSC259_Lab3_Framework\CPSC259_Lab3_Framework\linkedlist.h(49,46): error C2059: syntax error: ')'
C:\Users\Lachlan Reynolds\Desktop\CPSC 259\Labs\Lab3\CPSC259_Lab3_Framework\CPSC259_Lab3_Framework\linkedlist.h(50,5): error C2143: syntax error: missing '{' before '*'
C:\Users\Lachlan Reynolds\Desktop\CPSC 259\Labs\Lab3\CPSC259_Lab3_Framework\CPSC259_Lab3_Framework\linkedlist.h(50,22): error C2143: syntax error: missing ')' before '*'
C:\Users\Lachlan Reynolds\Desktop\CPSC 259\Labs\Lab3\CPSC259_Lab3_Framework\CPSC259_Lab3_Framework\linkedlist.h(50,22): error C2143: syntax error: missing '{' before '*'
C:\Users\Lachlan Reynolds\Desktop\CPSC 259\Labs\Lab3\CPSC259_Lab3_Framework\CPSC259_Lab3_Framework\linkedlist.h(50,34): error C2143: syntax error: missing ';' before '*'
C:\Users\Lachlan Reynolds\Desktop\CPSC 259\Labs\Lab3\CPSC259_Lab3_Framework\CPSC259_Lab3_Framework\linkedlist.h(50,56): error C2059: syntax error: 'type'
C:\Users\Lachlan Reynolds\Desktop\CPSC 259\Labs\Lab3\CPSC259_Lab3_Framework\CPSC259_Lab3_Framework\linkedlist.h(50,66): error C2059: syntax error: ')'
C:\Users\Lachlan Reynolds\Desktop\CPSC 259\Labs\Lab3\CPSC259_Lab3_Framework\CPSC259_Lab3_Framework\linkedlist.c(32,5): error C2143: syntax error: missing '{' before '*'
C:\Users\Lachlan Reynolds\Desktop\CPSC 259\Labs\Lab3\CPSC259_Lab3_Framework\CPSC259_Lab3_Framework\linkedlist.c(35,19): error C2297: '*': illegal, right operand has type 'int *'
C:\Users\Lachlan Reynolds\Desktop\CPSC 259\Labs\Lab3\CPSC259_Lab3_Framework\CPSC259_Lab3_Framework\linkedlist.c(36,22): error C2059: syntax error: ')'
C:\Users\Lachlan Reynolds\Desktop\CPSC 259\Labs\Lab3\CPSC259_Lab3_Framework\CPSC259_Lab3_Framework\linkedlist.c(51,5): error C2143: syntax error: missing '{' before '*'
C:\Users\Lachlan Reynolds\Desktop\CPSC 259\Labs\Lab3\CPSC259_Lab3_Framework\CPSC259_Lab3_Framework\linkedlist.c(70,5): error C2143: syntax error: missing '{' before '*'
C:\Users\Lachlan Reynolds\Desktop\CPSC 259\Labs\Lab3\CPSC259_Lab3_Framework\CPSC259_Lab3_Framework\linkedlist.c(70,24): error C2143: syntax error: missing ')' before '*'
C:\Users\Lachlan Reynolds\Desktop\CPSC 259\Labs\Lab3\CPSC259_Lab3_Framework\CPSC259_Lab3_Framework\linkedlist.c(70,24): error C2143: syntax error: missing '{' before '*'
C:\Users\Lachlan Reynolds\Desktop\CPSC 259\Labs\Lab3\CPSC259_Lab3_Framework\CPSC259_Lab3_Framework\linkedlist.c(70,36): error C2143: syntax error: missing ';' before '*'
C:\Users\Lachlan Reynolds\Desktop\CPSC 259\Labs\Lab3\CPSC259_Lab3_Framework\CPSC259_Lab3_Framework\linkedlist.c(70,46): error C2059: syntax error: ')'
C:\Users\Lachlan Reynolds\Desktop\CPSC 259\Labs\Lab3\CPSC259_Lab3_Framework\CPSC259_Lab3_Framework\linkedlist.c(71,1): error C2054: expected '(' to follow 'new_node'
C:\Users\Lachlan Reynolds\Desktop\CPSC 259\Labs\Lab3\CPSC259_Lab3_Framework\CPSC259_Lab3_Framework\linkedlist.c(89,5): error C2143: syntax error: missing '{' before '*'
C:\Users\Lachlan Reynolds\Desktop\CPSC 259\Labs\Lab3\CPSC259_Lab3_Framework\CPSC259_Lab3_Framework\linkedlist.c(89,23): error C2143: syntax error: missing ')' before '*'
C:\Users\Lachlan Reynolds\Desktop\CPSC 259\Labs\Lab3\CPSC259_Lab3_Framework\CPSC259_Lab3_Framework\linkedlist.c(89,23): error C2143: syntax error: missing '{' before '*'
C:\Users\Lachlan Reynolds\Desktop\CPSC 259\Labs\Lab3\CPSC259_Lab3_Framework\CPSC259_Lab3_Framework\linkedlist.c(89,29): error C2059: syntax error: ')'
C:\Users\Lachlan Reynolds\Desktop\CPSC 259\Labs\Lab3\CPSC259_Lab3_Framework\CPSC259_Lab3_Framework\linkedlist.c(90,1): error C2054: expected '(' to follow 'list'
C:\Users\Lachlan Reynolds\Desktop\CPSC 259\Labs\Lab3\CPSC259_Lab3_Framework\CPSC259_Lab3_Framework\linkedlist.c(104,20): error C2143: syntax error: missing ')' before '*'
C:\Users\Lachlan Reynolds\Desktop\CPSC 259\Labs\Lab3\CPSC259_Lab3_Framework\CPSC259_Lab3_Framework\linkedlist.c(104,20): error C2143: syntax error: missing '{' before '*'
C:\Users\Lachlan Reynolds\Desktop\CPSC 259\Labs\Lab3\CPSC259_Lab3_Framework\CPSC259_Lab3_Framework\linkedlist.c(104,26): error C2059: syntax error: ')'
C:\Users\Lachlan Reynolds\Desktop\CPSC 259\Labs\Lab3\CPSC259_Lab3_Framework\CPSC259_Lab3_Framework\linkedlist.c(105,1): error C2054: expected '(' to follow 'list'
C:\Users\Lachlan Reynolds\Desktop\CPSC 259\Labs\Lab3\CPSC259_Lab3_Framework\CPSC259_Lab3_Framework\linkedlist.c(120,5): error C2143: syntax error: missing '{' before '*'
C:\Users\Lachlan Reynolds\Desktop\CPSC 259\Labs\Lab3\CPSC259_Lab3_Framework\CPSC259_Lab3_Framework\linkedlist.c(120,23): error C2143: syntax error: missing ')' before '*'
C:\Users\Lachlan Reynolds\Desktop\CPSC 259\Labs\Lab3\CPSC259_Lab3_Framework\CPSC259_Lab3_Framework\linkedlist.c(120,23): error C2143: syntax error: missing '{' before '*'
C:\Users\Lachlan Reynolds\Desktop\CPSC 259\Labs\Lab3\CPSC259_Lab3_Framework\CPSC259_Lab3_Framework\linkedlist.c(120,29): error C2059: syntax error: ')'
C:\Users\Lachlan Reynolds\Desktop\CPSC 259\Labs\Lab3\CPSC259_Lab3_Framework\CPSC259_Lab3_Framework\linkedlist.c(121,1): error C2054: expected '(' to follow 'list'
C:\Users\Lachlan Reynolds\Desktop\CPSC 259\Labs\Lab3\CPSC259_Lab3_Framework\CPSC259_Lab3_Framework\linkedlist.c(140,21): error C2143: syntax error: missing ')' before '*'
C:\Users\Lachlan Reynolds\Desktop\CPSC 259\Labs\Lab3\CPSC259_Lab3_Framework\CPSC259_Lab3_Framework\linkedlist.c(140,21): error C2143: syntax error: missing '{' before '*'
C:\Users\Lachlan Reynolds\Desktop\CPSC 259\Labs\Lab3\CPSC259_Lab3_Framework\CPSC259_Lab3_Framework\linkedlist.c(140,36): error C2059: syntax error: ')'
C:\Users\Lachlan Reynolds\Desktop\CPSC 259\Labs\Lab3\CPSC259_Lab3_Framework\CPSC259_Lab3_Framework\linkedlist.c(141,1): error C2054: expected '(' to follow 'node_to_print'
C:\Users\Lachlan Reynolds\Desktop\CPSC 259\Labs\Lab3\CPSC259_Lab3_Framework\CPSC259_Lab3_Framework\linkedlist.c(157,21): error C2143: syntax error: missing ')' before '*'
C:\Users\Lachlan Reynolds\Desktop\CPSC 259\Labs\Lab3\CPSC259_Lab3_Framework\CPSC259_Lab3_Framework\linkedlist.c(157,21): error C2143: syntax error: missing '{' before '*'
C:\Users\Lachlan Reynolds\Desktop\CPSC 259\Labs\Lab3\CPSC259_Lab3_Framework\CPSC259_Lab3_Framework\linkedlist.c(157,36): error C2059: syntax error: ')'
C:\Users\Lachlan Reynolds\Desktop\CPSC 259\Labs\Lab3\CPSC259_Lab3_Framework\CPSC259_Lab3_Framework\linkedlist.c(158,1): error C2054: expected '(' to follow 'list_to_print'
C:\Users\Lachlan Reynolds\Desktop\CPSC 259\Labs\Lab3\CPSC259_Lab3_Framework\CPSC259_Lab3_Framework\linkedlist.c(172,5): error C2143: syntax error: missing '{' before '*'
C:\Users\Lachlan Reynolds\Desktop\CPSC 259\Labs\Lab3\CPSC259_Lab3_Framework\CPSC259_Lab3_Framework\linkedlist.c(172,19): error C2143: syntax error: missing ')' before '*'
C:\Users\Lachlan Reynolds\Desktop\CPSC 259\Labs\Lab3\CPSC259_Lab3_Framework\CPSC259_Lab3_Framework\linkedlist.c(172,19): error C2143: syntax error: missing '{' before '*'
C:\Users\Lachlan Reynolds\Desktop\CPSC 259\Labs\Lab3\CPSC259_Lab3_Framework\CPSC259_Lab3_Framework\linkedlist.c(172,25): error C2059: syntax error: ')'
C:\Users\Lachlan Reynolds\Desktop\CPSC 259\Labs\Lab3\CPSC259_Lab3_Framework\CPSC259_Lab3_Framework\linkedlist.c(173,1): error C2054: expected '(' to follow 'list'
C:\Users\Lachlan Reynolds\Desktop\CPSC 259\Labs\Lab3\CPSC259_Lab3_Framework\CPSC259_Lab3_Framework\linkedlist.c(192,5): error C2143: syntax error: missing '{' before '*'
C:\Users\Lachlan Reynolds\Desktop\CPSC 259\Labs\Lab3\CPSC259_Lab3_Framework\CPSC259_Lab3_Framework\linkedlist.c(192,28): error C2143: syntax error: missing ')' before '*'
C:\Users\Lachlan Reynolds\Desktop\CPSC 259\Labs\Lab3\CPSC259_Lab3_Framework\CPSC259_Lab3_Framework\linkedlist.c(192,28): error C2143: syntax error: missing '{' before '*'
C:\Users\Lachlan Reynolds\Desktop\CPSC 259\Labs\Lab3\CPSC259_Lab3_Framework\CPSC259_Lab3_Framework\linkedlist.c(192,40): error C2059: syntax error: 'type'
C:\Users\Lachlan Reynolds\Desktop\CPSC 259\Labs\Lab3\CPSC259_Lab3_Framework\CPSC259_Lab3_Framework\linkedlist.c(192,58): error C2059: syntax error: ')'
C:\Users\Lachlan Reynolds\Desktop\CPSC 259\Labs\Lab3\CPSC259_Lab3_Framework\CPSC259_Lab3_Framework\linkedlist.c(211,5): error C2143: syntax error: missing '{' before '*'
C:\Users\Lachlan Reynolds\Desktop\CPSC 259\Labs\Lab3\CPSC259_Lab3_Framework\CPSC259_Lab3_Framework\linkedlist.c(211,24): error C2143: syntax error: missing ')' before '*'
C:\Users\Lachlan Reynolds\Desktop\CPSC 259\Labs\Lab3\CPSC259_Lab3_Framework\CPSC259_Lab3_Framework\linkedlist.c(211,24): error C2143: syntax error: missing '{' before '*'
C:\Users\Lachlan Reynolds\Desktop\CPSC 259\Labs\Lab3\CPSC259_Lab3_Framework\CPSC259_Lab3_Framework\linkedlist.c(211,36): error C2059: syntax error: 'type'
C:\Users\Lachlan Reynolds\Desktop\CPSC 259\Labs\Lab3\CPSC259_Lab3_Framework\CPSC259_Lab3_Framework\linkedlist.c(211,46): error C2059: syntax error: ')'
C:\Users\Lachlan Reynolds\Desktop\CPSC 259\Labs\Lab3\CPSC259_Lab3_Framework\CPSC259_Lab3_Framework\linkedlist.c(237,5): error C2143: syntax error: missing '{' before '*'
C:\Users\Lachlan Reynolds\Desktop\CPSC 259\Labs\Lab3\CPSC259_Lab3_Framework\CPSC259_Lab3_Framework\linkedlist.c(237,22): error C2143: syntax error: missing ')' before '*'
C:\Users\Lachlan Reynolds\Desktop\CPSC 259\Labs\Lab3\CPSC259_Lab3_Framework\CPSC259_Lab3_Framework\linkedlist.c(237,22): error C2143: syntax error: missing '{' before '*'
C:\Users\Lachlan Reynolds\Desktop\CPSC 259\Labs\Lab3\CPSC259_Lab3_Framework\CPSC259_Lab3_Framework\linkedlist.c(237,34): error C2143: syntax error: missing ';' before '*'
C:\Users\Lachlan Reynolds\Desktop\CPSC 259\Labs\Lab3\CPSC259_Lab3_Framework\CPSC259_Lab3_Framework\linkedlist.c(237,56): error C2059: syntax error: 'type'
C:\Users\Lachlan Reynolds\Desktop\CPSC 259\Labs\Lab3\CPSC259_Lab3_Framework\CPSC259_Lab3_Framework\linkedlist.c(237,66): error C2059: syntax error: ')'
  main.c
C:\Users\Lachlan Reynolds\Desktop\CPSC 259\Labs\Lab3\CPSC259_Lab3_Framework\CPSC259_Lab3_Framework\linkedlist.h(33,2): error C2061: syntax error: identifier 'node'
C:\Users\Lachlan Reynolds\Desktop\CPSC 259\Labs\Lab3\CPSC259_Lab3_Framework\CPSC259_Lab3_Framework\linkedlist.h(34,1): error C2059: syntax error: '}'
C:\Users\Lachlan Reynolds\Desktop\CPSC 259\Labs\Lab3\CPSC259_Lab3_Framework\CPSC259_Lab3_Framework\linkedlist.h(37,5): error C2143: syntax error: missing '{' before '*'
C:\Users\Lachlan Reynolds\Desktop\CPSC 259\Labs\Lab3\CPSC259_Lab3_Framework\CPSC259_Lab3_Framework\linkedlist.h(38,5): error C2143: syntax error: missing '{' before '*'
C:\Users\Lachlan Reynolds\Desktop\CPSC 259\Labs\Lab3\CPSC259_Lab3_Framework\CPSC259_Lab3_Framework\linkedlist.h(39,5): error C2143: syntax error: missing '{' before '*'
C:\Users\Lachlan Reynolds\Desktop\CPSC 259\Labs\Lab3\CPSC259_Lab3_Framework\CPSC259_Lab3_Framework\linkedlist.h(39,24): error C2143: syntax error: missing ')' before '*'
C:\Users\Lachlan Reynolds\Desktop\CPSC 259\Labs\Lab3\CPSC259_Lab3_Framework\CPSC259_Lab3_Framework\linkedlist.h(39,24): error C2143: syntax error: missing '{' before '*'
C:\Users\Lachlan Reynolds\Desktop\CPSC 259\Labs\Lab3\CPSC259_Lab3_Framework\CPSC259_Lab3_Framework\linkedlist.h(39,36): error C2143: syntax error: missing ';' before '*'
C:\Users\Lachlan Reynolds\Desktop\CPSC 259\Labs\Lab3\CPSC259_Lab3_Framework\CPSC259_Lab3_Framework\linkedlist.h(39,46): error C2059: syntax error: ')'
C:\Users\Lachlan Reynolds\Desktop\CPSC 259\Labs\Lab3\CPSC259_Lab3_Framework\CPSC259_Lab3_Framework\linkedlist.h(40,5): error C2143: syntax error: missing '{' before '*'
C:\Users\Lachlan Reynolds\Desktop\CPSC 259\Labs\Lab3\CPSC259_Lab3_Framework\CPSC259_Lab3_Framework\linkedlist.h(40,23): error C2143: syntax error: missing ')' before '*'
C:\Users\Lachlan Reynolds\Desktop\CPSC 259\Labs\Lab3\CPSC259_Lab3_Framework\CPSC259_Lab3_Framework\linkedlist.h(40,23): error C2143: syntax error: missing '{' before '*'
C:\Users\Lachlan Reynolds\Desktop\CPSC 259\Labs\Lab3\CPSC259_Lab3_Framework\CPSC259_Lab3_Framework\linkedlist.h(40,29): error C2059: syntax error: ')'
C:\Users\Lachlan Reynolds\Desktop\CPSC 259\Labs\Lab3\CPSC259_Lab3_Framework\CPSC259_Lab3_Framework\linkedlist.h(43,20): error C2143: syntax error: missing ')' before '*'
C:\Users\Lachlan Reynolds\Desktop\CPSC 259\Labs\Lab3\CPSC259_Lab3_Framework\CPSC259_Lab3_Framework\linkedlist.h(43,20): error C2143: syntax error: missing '{' before '*'
C:\Users\Lachlan Reynolds\Desktop\CPSC 259\Labs\Lab3\CPSC259_Lab3_Framework\CPSC259_Lab3_Framework\linkedlist.h(43,26): error C2059: syntax error: ')'
C:\Users\Lachlan Reynolds\Desktop\CPSC 259\Labs\Lab3\CPSC259_Lab3_Framework\CPSC259_Lab3_Framework\linkedlist.h(44,5): error C2143: syntax error: missing '{' before '*'
C:\Users\Lachlan Reynolds\Desktop\CPSC 259\Labs\Lab3\CPSC259_Lab3_Framework\CPSC259_Lab3_Framework\linkedlist.h(44,23): error C2143: syntax error: missing ')' before '*'
C:\Users\Lachlan Reynolds\Desktop\CPSC 259\Labs\Lab3\CPSC259_Lab3_Framework\CPSC259_Lab3_Framework\linkedlist.h(44,23): error C2143: syntax error: missing '{' before '*'
C:\Users\Lachlan Reynolds\Desktop\CPSC 259\Labs\Lab3\CPSC259_Lab3_Framework\CPSC259_Lab3_Framework\linkedlist.h(44,29): error C2059: syntax error: ')'
C:\Users\Lachlan Reynolds\Desktop\CPSC 259\Labs\Lab3\CPSC259_Lab3_Framework\CPSC259_Lab3_Framework\linkedlist.h(45,21): error C2143: syntax error: missing ')' before '*'
C:\Users\Lachlan Reynolds\Desktop\CPSC 259\Labs\Lab3\CPSC259_Lab3_Framework\CPSC259_Lab3_Framework\linkedlist.h(45,21): error C2143: syntax error: missing '{' before '*'
C:\Users\Lachlan Reynolds\Desktop\CPSC 259\Labs\Lab3\CPSC259_Lab3_Framework\CPSC259_Lab3_Framework\linkedlist.h(45,36): error C2059: syntax error: ')'
C:\Users\Lachlan Reynolds\Desktop\CPSC 259\Labs\Lab3\CPSC259_Lab3_Framework\CPSC259_Lab3_Framework\linkedlist.h(46,21): error C2143: syntax error: missing ')' before '*'
C:\Users\Lachlan Reynolds\Desktop\CPSC 259\Labs\Lab3\CPSC259_Lab3_Framework\CPSC259_Lab3_Framework\linkedlist.h(46,21): error C2143: syntax error: missing '{' before '*'
C:\Users\Lachlan Reynolds\Desktop\CPSC 259\Labs\Lab3\CPSC259_Lab3_Framework\CPSC259_Lab3_Framework\linkedlist.h(46,36): error C2059: syntax error: ')'
C:\Users\Lachlan Reynolds\Desktop\CPSC 259\Labs\Lab3\CPSC259_Lab3_Framework\CPSC259_Lab3_Framework\linkedlist.h(47,5): error C2143: syntax error: missing '{' before '*'
C:\Users\Lachlan Reynolds\Desktop\CPSC 259\Labs\Lab3\CPSC259_Lab3_Framework\CPSC259_Lab3_Framework\linkedlist.h(47,19): error C2143: syntax error: missing ')' before '*'
C:\Users\Lachlan Reynolds\Desktop\CPSC 259\Labs\Lab3\CPSC259_Lab3_Framework\CPSC259_Lab3_Framework\linkedlist.h(47,19): error C2143: syntax error: missing '{' before '*'
C:\Users\Lachlan Reynolds\Desktop\CPSC 259\Labs\Lab3\CPSC259_Lab3_Framework\CPSC259_Lab3_Framework\linkedlist.h(47,25): error C2059: syntax error: ')'
C:\Users\Lachlan Reynolds\Desktop\CPSC 259\Labs\Lab3\CPSC259_Lab3_Framework\CPSC259_Lab3_Framework\linkedlist.h(48,5): error C2143: syntax error: missing '{' before '*'
C:\Users\Lachlan Reynolds\Desktop\CPSC 259\Labs\Lab3\CPSC259_Lab3_Framework\CPSC259_Lab3_Framework\linkedlist.h(48,28): error C2143: syntax error: missing ')' before '*'
C:\Users\Lachlan Reynolds\Desktop\CPSC 259\Labs\Lab3\CPSC259_Lab3_Framework\CPSC259_Lab3_Framework\linkedlist.h(48,28): error C2143: syntax error: missing '{' before '*'
C:\Users\Lachlan Reynolds\Desktop\CPSC 259\Labs\Lab3\CPSC259_Lab3_Framework\CPSC259_Lab3_Framework\linkedlist.h(48,40): error C2059: syntax error: 'type'
C:\Users\Lachlan Reynolds\Desktop\CPSC 259\Labs\Lab3\CPSC259_Lab3_Framework\CPSC259_Lab3_Framework\linkedlist.h(48,58): error C2059: syntax error: ')'
C:\Users\Lachlan Reynolds\Desktop\CPSC 259\Labs\Lab3\CPSC259_Lab3_Framework\CPSC259_Lab3_Framework\linkedlist.h(49,5): error C2143: syntax error: missing '{' before '*'
C:\Users\Lachlan Reynolds\Desktop\CPSC 259\Labs\Lab3\CPSC259_Lab3_Framework\CPSC259_Lab3_Framework\linkedlist.h(49,24): error C2143: syntax error: missing ')' before '*'
C:\Users\Lachlan Reynolds\Desktop\CPSC 259\Labs\Lab3\CPSC259_Lab3_Framework\CPSC259_Lab3_Framework\linkedlist.h(49,24): error C2143: syntax error: missing '{' before '*'
C:\Users\Lachlan Reynolds\Desktop\CPSC 259\Labs\Lab3\CPSC259_Lab3_Framework\CPSC259_Lab3_Framework\linkedlist.h(49,36): error C2059: syntax error: 'type'
C:\Users\Lachlan Reynolds\Desktop\CPSC 259\Labs\Lab3\CPSC259_Lab3_Framework\CPSC259_Lab3_Framework\linkedlist.h(49,46): error C2059: syntax error: ')'
C:\Users\Lachlan Reynolds\Desktop\CPSC 259\Labs\Lab3\CPSC259_Lab3_Framework\CPSC259_Lab3_Framework\linkedlist.h(50,5): error C2143: syntax error: missing '{' before '*'
C:\Users\Lachlan Reynolds\Desktop\CPSC 259\Labs\Lab3\CPSC259_Lab3_Framework\CPSC259_Lab3_Framework\linkedlist.h(50,22): error C2143: syntax error: missing ')' before '*'
C:\Users\Lachlan Reynolds\Desktop\CPSC 259\Labs\Lab3\CPSC259_Lab3_Framework\CPSC259_Lab3_Framework\linkedlist.h(50,22): error C2143: syntax error: missing '{' before '*'
C:\Users\Lachlan Reynolds\Desktop\CPSC 259\Labs\Lab3\CPSC259_Lab3_Framework\CPSC259_Lab3_Framework\linkedlist.h(50,34): error C2143: syntax error: missing ';' before '*'
C:\Users\Lachlan Reynolds\Desktop\CPSC 259\Labs\Lab3\CPSC259_Lab3_Framework\CPSC259_Lab3_Framework\linkedlist.h(50,56): error C2059: syntax error: 'type'
C:\Users\Lachlan Reynolds\Desktop\CPSC 259\Labs\Lab3\CPSC259_Lab3_Framework\CPSC259_Lab3_Framework\linkedlist.h(50,66): error C2059: syntax error: ')'
  Generating Code...
